{
  "stats": {
    "suites": 1,
    "tests": 8,
    "passes": 8,
    "pending": 0,
    "failures": 0,
    "start": "2023-08-12T04:57:32.227Z",
    "end": "2023-08-12T04:57:37.633Z",
    "duration": 5406,
    "testsRegistered": 8,
    "passPercent": 100,
    "pendingPercent": 0,
    "other": 0,
    "hasOther": false,
    "skipped": 0,
    "hasSkipped": false
  },
  "results": [
    {
      "uuid": "de419da6-93f1-4610-ab9c-04ec6e80e8bd",
      "title": "",
      "fullFile": "cypress/e2e/features/pathway.feature",
      "file": "cypress/e2e/features/pathway.feature",
      "beforeHooks": [],
      "afterHooks": [],
      "tests": [],
      "suites": [
        {
          "uuid": "4ea2ca19-df7d-4b3c-8f8f-0a39eb58c188",
          "title": "Display lessons pathway",
          "fullFile": "",
          "file": "",
          "beforeHooks": [],
          "afterHooks": [],
          "tests": [
            {
              "title": "Mouse Scroll through lessons pathway",
              "fullTitle": "Display lessons pathway Mouse Scroll through lessons pathway",
              "timedOut": null,
              "duration": 1754,
              "state": "passed",
              "speed": "fast",
              "pass": true,
              "fail": false,
              "pending": false,
              "context": null,
              "code": "var _a2, _b, _c, _d, _e;\nconst { remainingSteps, testCaseStartedId } = retrieveInternalSpecProperties();\ntaskTestCaseStarted(context, {\n  id: testCaseStartedId,\n  testCaseId,\n  attempt: attempt++,\n  timestamp: (0, messages_1.createTimestamp)()\n});\nwindow.testState = {\n  gherkinDocument,\n  pickles,\n  pickle\n};\nfor (const step of steps) {\n  if (step.hook) {\n    const hook = step.hook;\n    const testStepId = getTestStepId({\n      context,\n      pickleId: pickle.id,\n      hookIdOrPickleStepId: hook.id\n    });\n    cy.then(() => {\n      delete window.testState.pickleStep;\n      const start = (0, messages_1.createTimestamp)();\n      internalProperties.currentStepStartedAt = start;\n      taskTestStepStarted(context, {\n        testStepId,\n        testCaseStartedId,\n        timestamp: start\n      });\n      return cy.wrap(start, { log: false });\n    }).then((start) => {\n      (0, cypress_1.runStepWithLogGroup)({\n        fn: () => registry2.runHook(this, hook),\n        keyword: hook.keyword,\n        text: hook.tags\n      });\n      return cy.wrap(start, { log: false });\n    }).then((start) => {\n      const end = (0, messages_1.createTimestamp)();\n      taskTestStepFinished(context, {\n        testStepId,\n        testCaseStartedId,\n        testStepResult: {\n          status: messages.TestStepResultStatus.PASSED,\n          duration: (0, messages_1.duration)(start, end)\n        },\n        timestamp: end\n      });\n      remainingSteps.shift();\n    });\n  } else if (step.pickleStep) {\n    const pickleStep = step.pickleStep;\n    const testStepId = getTestStepId({\n      context,\n      pickleId: pickle.id,\n      hookIdOrPickleStepId: pickleStep.id\n    });\n    const text = (0, assertions_1.assertAndReturn)(pickleStep.text, \"Expected pickle step to have a text\");\n    const scenarioStep = (0, assertions_1.assertAndReturn)(context.astIdsMap.get((0, assertions_1.assertAndReturn)((_a2 = pickleStep.astNodeIds) === null || _a2 === void 0 ? void 0 : _a2[0], \"Expected to find at least one astNodeId\")), `Expected to find scenario step associated with id = ${(_b = pickleStep.astNodeIds) === null || _b === void 0 ? void 0 : _b[0]}`);\n    const argument = ((_c = pickleStep.argument) === null || _c === void 0 ? void 0 : _c.dataTable) ? new data_table_1.default(pickleStep.argument.dataTable) : ((_e = (_d = pickleStep.argument) === null || _d === void 0 ? void 0 : _d.docString) === null || _e === void 0 ? void 0 : _e.content) ? pickleStep.argument.docString.content : void 0;\n    cy.then(() => {\n      window.testState.pickleStep = step.pickleStep;\n      const start = (0, messages_1.createTimestamp)();\n      internalProperties.currentStep = { pickleStep };\n      internalProperties.currentStepStartedAt = start;\n      taskTestStepStarted(context, {\n        testStepId,\n        testCaseStartedId,\n        timestamp: start\n      });\n      return cy.wrap(start, { log: false });\n    }).then((start) => {\n      const beforeStepHooks = registry2.resolveBeforeStepHooks(tags);\n      const afterStepHooks = registry2.resolveAfterStepHooks(tags);\n      const options = {\n        pickle,\n        pickleStep,\n        gherkinDocument,\n        testCaseStartedId,\n        testStepId\n      };\n      const beforeHooksChain = beforeStepHooks.reduce((chain, beforeStepHook) => {\n        return chain.then(() => (0, cypress_1.runStepWithLogGroup)({\n          keyword: \"BeforeStep\",\n          text: beforeStepHook.tags,\n          fn: () => registry2.runStepHook(this, beforeStepHook, options)\n        }));\n      }, cy.wrap({}, { log: false }));\n      return beforeHooksChain.then(() => {\n        try {\n          return (0, cypress_1.runStepWithLogGroup)({\n            keyword: (0, assertions_1.assertAndReturn)(\"keyword\" in scenarioStep && scenarioStep.keyword, \"Expected to find a keyword in the scenario step\"),\n            argument,\n            text,\n            fn: () => registry2.runStepDefininition(this, text, argument)\n          }).then((result) => {\n            return afterStepHooks.reverse().reduce((chain, afterStepHook) => {\n              return chain.then(() => (0, cypress_1.runStepWithLogGroup)({\n                keyword: \"AfterStep\",\n                text: afterStepHook.tags,\n                fn: () => registry2.runStepHook(this, afterStepHook, options)\n              }));\n            }, cy.wrap({}, { log: false })).then(() => {\n              return { start, result };\n            });\n          });\n        } catch (e) {\n          if (e instanceof registry_1.MissingDefinitionError) {\n            throw new Error(createMissingStepDefinitionMessage(context, pickleStep, context.registry.parameterTypeRegistry));\n          } else {\n            throw e;\n          }\n        }\n      });\n    }).then(({ start, result }) => {\n      var _a3, _b2, _c2;\n      const end = (0, messages_1.createTimestamp)();\n      if (result === \"pending\") {\n        taskTestStepFinished(context, {\n          testStepId,\n          testCaseStartedId,\n          testStepResult: {\n            status: messages.TestStepResultStatus.PENDING,\n            duration: (0, messages_1.duration)(start, end)\n          },\n          timestamp: end\n        });\n        remainingSteps.shift();\n        for (const skippedStep of remainingSteps) {\n          const hookIdOrPickleStepId = (0, assertions_1.assertAndReturn)((_b2 = (_a3 = skippedStep.hook) === null || _a3 === void 0 ? void 0 : _a3.id) !== null && _b2 !== void 0 ? _b2 : (_c2 = skippedStep.pickleStep) === null || _c2 === void 0 ? void 0 : _c2.id, \"Expected a step to either be a hook or a pickleStep\");\n          const testStepId2 = getTestStepId({\n            context,\n            pickleId: pickle.id,\n            hookIdOrPickleStepId\n          });\n          taskTestStepStarted(context, {\n            testStepId: testStepId2,\n            testCaseStartedId,\n            timestamp: (0, messages_1.createTimestamp)()\n          });\n          taskTestStepFinished(context, {\n            testStepId: testStepId2,\n            testCaseStartedId,\n            testStepResult: {\n              status: messages.TestStepResultStatus.SKIPPED,\n              duration: {\n                seconds: 0,\n                nanos: 0\n              }\n            },\n            timestamp: (0, messages_1.createTimestamp)()\n          });\n        }\n        for (let i = 0, count = remainingSteps.length; i < count; i++) {\n          remainingSteps.pop();\n        }\n        cy.then(() => this.skip());\n      } else {\n        taskTestStepFinished(context, {\n          testStepId,\n          testCaseStartedId,\n          testStepResult: {\n            status: messages.TestStepResultStatus.PASSED,\n            duration: (0, messages_1.duration)(start, end)\n          },\n          timestamp: end\n        });\n        remainingSteps.shift();\n      }\n    });\n  }\n}",
              "err": {},
              "uuid": "163f70d0-bb9b-4490-ac96-730efccf0689",
              "parentUUID": "4ea2ca19-df7d-4b3c-8f8f-0a39eb58c188",
              "isHook": false,
              "skipped": false
            },
            {
              "title": "Lesson Infobox appears on mouse hover of lesson node",
              "fullTitle": "Display lessons pathway Lesson Infobox appears on mouse hover of lesson node",
              "timedOut": null,
              "duration": 762,
              "state": "passed",
              "speed": "fast",
              "pass": true,
              "fail": false,
              "pending": false,
              "context": null,
              "code": "var _a2, _b, _c, _d, _e;\nconst { remainingSteps, testCaseStartedId } = retrieveInternalSpecProperties();\ntaskTestCaseStarted(context, {\n  id: testCaseStartedId,\n  testCaseId,\n  attempt: attempt++,\n  timestamp: (0, messages_1.createTimestamp)()\n});\nwindow.testState = {\n  gherkinDocument,\n  pickles,\n  pickle\n};\nfor (const step of steps) {\n  if (step.hook) {\n    const hook = step.hook;\n    const testStepId = getTestStepId({\n      context,\n      pickleId: pickle.id,\n      hookIdOrPickleStepId: hook.id\n    });\n    cy.then(() => {\n      delete window.testState.pickleStep;\n      const start = (0, messages_1.createTimestamp)();\n      internalProperties.currentStepStartedAt = start;\n      taskTestStepStarted(context, {\n        testStepId,\n        testCaseStartedId,\n        timestamp: start\n      });\n      return cy.wrap(start, { log: false });\n    }).then((start) => {\n      (0, cypress_1.runStepWithLogGroup)({\n        fn: () => registry2.runHook(this, hook),\n        keyword: hook.keyword,\n        text: hook.tags\n      });\n      return cy.wrap(start, { log: false });\n    }).then((start) => {\n      const end = (0, messages_1.createTimestamp)();\n      taskTestStepFinished(context, {\n        testStepId,\n        testCaseStartedId,\n        testStepResult: {\n          status: messages.TestStepResultStatus.PASSED,\n          duration: (0, messages_1.duration)(start, end)\n        },\n        timestamp: end\n      });\n      remainingSteps.shift();\n    });\n  } else if (step.pickleStep) {\n    const pickleStep = step.pickleStep;\n    const testStepId = getTestStepId({\n      context,\n      pickleId: pickle.id,\n      hookIdOrPickleStepId: pickleStep.id\n    });\n    const text = (0, assertions_1.assertAndReturn)(pickleStep.text, \"Expected pickle step to have a text\");\n    const scenarioStep = (0, assertions_1.assertAndReturn)(context.astIdsMap.get((0, assertions_1.assertAndReturn)((_a2 = pickleStep.astNodeIds) === null || _a2 === void 0 ? void 0 : _a2[0], \"Expected to find at least one astNodeId\")), `Expected to find scenario step associated with id = ${(_b = pickleStep.astNodeIds) === null || _b === void 0 ? void 0 : _b[0]}`);\n    const argument = ((_c = pickleStep.argument) === null || _c === void 0 ? void 0 : _c.dataTable) ? new data_table_1.default(pickleStep.argument.dataTable) : ((_e = (_d = pickleStep.argument) === null || _d === void 0 ? void 0 : _d.docString) === null || _e === void 0 ? void 0 : _e.content) ? pickleStep.argument.docString.content : void 0;\n    cy.then(() => {\n      window.testState.pickleStep = step.pickleStep;\n      const start = (0, messages_1.createTimestamp)();\n      internalProperties.currentStep = { pickleStep };\n      internalProperties.currentStepStartedAt = start;\n      taskTestStepStarted(context, {\n        testStepId,\n        testCaseStartedId,\n        timestamp: start\n      });\n      return cy.wrap(start, { log: false });\n    }).then((start) => {\n      const beforeStepHooks = registry2.resolveBeforeStepHooks(tags);\n      const afterStepHooks = registry2.resolveAfterStepHooks(tags);\n      const options = {\n        pickle,\n        pickleStep,\n        gherkinDocument,\n        testCaseStartedId,\n        testStepId\n      };\n      const beforeHooksChain = beforeStepHooks.reduce((chain, beforeStepHook) => {\n        return chain.then(() => (0, cypress_1.runStepWithLogGroup)({\n          keyword: \"BeforeStep\",\n          text: beforeStepHook.tags,\n          fn: () => registry2.runStepHook(this, beforeStepHook, options)\n        }));\n      }, cy.wrap({}, { log: false }));\n      return beforeHooksChain.then(() => {\n        try {\n          return (0, cypress_1.runStepWithLogGroup)({\n            keyword: (0, assertions_1.assertAndReturn)(\"keyword\" in scenarioStep && scenarioStep.keyword, \"Expected to find a keyword in the scenario step\"),\n            argument,\n            text,\n            fn: () => registry2.runStepDefininition(this, text, argument)\n          }).then((result) => {\n            return afterStepHooks.reverse().reduce((chain, afterStepHook) => {\n              return chain.then(() => (0, cypress_1.runStepWithLogGroup)({\n                keyword: \"AfterStep\",\n                text: afterStepHook.tags,\n                fn: () => registry2.runStepHook(this, afterStepHook, options)\n              }));\n            }, cy.wrap({}, { log: false })).then(() => {\n              return { start, result };\n            });\n          });\n        } catch (e) {\n          if (e instanceof registry_1.MissingDefinitionError) {\n            throw new Error(createMissingStepDefinitionMessage(context, pickleStep, context.registry.parameterTypeRegistry));\n          } else {\n            throw e;\n          }\n        }\n      });\n    }).then(({ start, result }) => {\n      var _a3, _b2, _c2;\n      const end = (0, messages_1.createTimestamp)();\n      if (result === \"pending\") {\n        taskTestStepFinished(context, {\n          testStepId,\n          testCaseStartedId,\n          testStepResult: {\n            status: messages.TestStepResultStatus.PENDING,\n            duration: (0, messages_1.duration)(start, end)\n          },\n          timestamp: end\n        });\n        remainingSteps.shift();\n        for (const skippedStep of remainingSteps) {\n          const hookIdOrPickleStepId = (0, assertions_1.assertAndReturn)((_b2 = (_a3 = skippedStep.hook) === null || _a3 === void 0 ? void 0 : _a3.id) !== null && _b2 !== void 0 ? _b2 : (_c2 = skippedStep.pickleStep) === null || _c2 === void 0 ? void 0 : _c2.id, \"Expected a step to either be a hook or a pickleStep\");\n          const testStepId2 = getTestStepId({\n            context,\n            pickleId: pickle.id,\n            hookIdOrPickleStepId\n          });\n          taskTestStepStarted(context, {\n            testStepId: testStepId2,\n            testCaseStartedId,\n            timestamp: (0, messages_1.createTimestamp)()\n          });\n          taskTestStepFinished(context, {\n            testStepId: testStepId2,\n            testCaseStartedId,\n            testStepResult: {\n              status: messages.TestStepResultStatus.SKIPPED,\n              duration: {\n                seconds: 0,\n                nanos: 0\n              }\n            },\n            timestamp: (0, messages_1.createTimestamp)()\n          });\n        }\n        for (let i = 0, count = remainingSteps.length; i < count; i++) {\n          remainingSteps.pop();\n        }\n        cy.then(() => this.skip());\n      } else {\n        taskTestStepFinished(context, {\n          testStepId,\n          testCaseStartedId,\n          testStepResult: {\n            status: messages.TestStepResultStatus.PASSED,\n            duration: (0, messages_1.duration)(start, end)\n          },\n          timestamp: end\n        });\n        remainingSteps.shift();\n      }\n    });\n  }\n}",
              "err": {},
              "uuid": "a73ca737-62e0-4be1-80fd-92c9fe4dc456",
              "parentUUID": "4ea2ca19-df7d-4b3c-8f8f-0a39eb58c188",
              "isHook": false,
              "skipped": false
            },
            {
              "title": "Icons on the lessons pathway as links to the lessons",
              "fullTitle": "Display lessons pathway Icons on the lessons pathway as links to the lessons",
              "timedOut": null,
              "duration": 110,
              "state": "passed",
              "speed": "fast",
              "pass": true,
              "fail": false,
              "pending": false,
              "context": null,
              "code": "var _a2, _b, _c, _d, _e;\nconst { remainingSteps, testCaseStartedId } = retrieveInternalSpecProperties();\ntaskTestCaseStarted(context, {\n  id: testCaseStartedId,\n  testCaseId,\n  attempt: attempt++,\n  timestamp: (0, messages_1.createTimestamp)()\n});\nwindow.testState = {\n  gherkinDocument,\n  pickles,\n  pickle\n};\nfor (const step of steps) {\n  if (step.hook) {\n    const hook = step.hook;\n    const testStepId = getTestStepId({\n      context,\n      pickleId: pickle.id,\n      hookIdOrPickleStepId: hook.id\n    });\n    cy.then(() => {\n      delete window.testState.pickleStep;\n      const start = (0, messages_1.createTimestamp)();\n      internalProperties.currentStepStartedAt = start;\n      taskTestStepStarted(context, {\n        testStepId,\n        testCaseStartedId,\n        timestamp: start\n      });\n      return cy.wrap(start, { log: false });\n    }).then((start) => {\n      (0, cypress_1.runStepWithLogGroup)({\n        fn: () => registry2.runHook(this, hook),\n        keyword: hook.keyword,\n        text: hook.tags\n      });\n      return cy.wrap(start, { log: false });\n    }).then((start) => {\n      const end = (0, messages_1.createTimestamp)();\n      taskTestStepFinished(context, {\n        testStepId,\n        testCaseStartedId,\n        testStepResult: {\n          status: messages.TestStepResultStatus.PASSED,\n          duration: (0, messages_1.duration)(start, end)\n        },\n        timestamp: end\n      });\n      remainingSteps.shift();\n    });\n  } else if (step.pickleStep) {\n    const pickleStep = step.pickleStep;\n    const testStepId = getTestStepId({\n      context,\n      pickleId: pickle.id,\n      hookIdOrPickleStepId: pickleStep.id\n    });\n    const text = (0, assertions_1.assertAndReturn)(pickleStep.text, \"Expected pickle step to have a text\");\n    const scenarioStep = (0, assertions_1.assertAndReturn)(context.astIdsMap.get((0, assertions_1.assertAndReturn)((_a2 = pickleStep.astNodeIds) === null || _a2 === void 0 ? void 0 : _a2[0], \"Expected to find at least one astNodeId\")), `Expected to find scenario step associated with id = ${(_b = pickleStep.astNodeIds) === null || _b === void 0 ? void 0 : _b[0]}`);\n    const argument = ((_c = pickleStep.argument) === null || _c === void 0 ? void 0 : _c.dataTable) ? new data_table_1.default(pickleStep.argument.dataTable) : ((_e = (_d = pickleStep.argument) === null || _d === void 0 ? void 0 : _d.docString) === null || _e === void 0 ? void 0 : _e.content) ? pickleStep.argument.docString.content : void 0;\n    cy.then(() => {\n      window.testState.pickleStep = step.pickleStep;\n      const start = (0, messages_1.createTimestamp)();\n      internalProperties.currentStep = { pickleStep };\n      internalProperties.currentStepStartedAt = start;\n      taskTestStepStarted(context, {\n        testStepId,\n        testCaseStartedId,\n        timestamp: start\n      });\n      return cy.wrap(start, { log: false });\n    }).then((start) => {\n      const beforeStepHooks = registry2.resolveBeforeStepHooks(tags);\n      const afterStepHooks = registry2.resolveAfterStepHooks(tags);\n      const options = {\n        pickle,\n        pickleStep,\n        gherkinDocument,\n        testCaseStartedId,\n        testStepId\n      };\n      const beforeHooksChain = beforeStepHooks.reduce((chain, beforeStepHook) => {\n        return chain.then(() => (0, cypress_1.runStepWithLogGroup)({\n          keyword: \"BeforeStep\",\n          text: beforeStepHook.tags,\n          fn: () => registry2.runStepHook(this, beforeStepHook, options)\n        }));\n      }, cy.wrap({}, { log: false }));\n      return beforeHooksChain.then(() => {\n        try {\n          return (0, cypress_1.runStepWithLogGroup)({\n            keyword: (0, assertions_1.assertAndReturn)(\"keyword\" in scenarioStep && scenarioStep.keyword, \"Expected to find a keyword in the scenario step\"),\n            argument,\n            text,\n            fn: () => registry2.runStepDefininition(this, text, argument)\n          }).then((result) => {\n            return afterStepHooks.reverse().reduce((chain, afterStepHook) => {\n              return chain.then(() => (0, cypress_1.runStepWithLogGroup)({\n                keyword: \"AfterStep\",\n                text: afterStepHook.tags,\n                fn: () => registry2.runStepHook(this, afterStepHook, options)\n              }));\n            }, cy.wrap({}, { log: false })).then(() => {\n              return { start, result };\n            });\n          });\n        } catch (e) {\n          if (e instanceof registry_1.MissingDefinitionError) {\n            throw new Error(createMissingStepDefinitionMessage(context, pickleStep, context.registry.parameterTypeRegistry));\n          } else {\n            throw e;\n          }\n        }\n      });\n    }).then(({ start, result }) => {\n      var _a3, _b2, _c2;\n      const end = (0, messages_1.createTimestamp)();\n      if (result === \"pending\") {\n        taskTestStepFinished(context, {\n          testStepId,\n          testCaseStartedId,\n          testStepResult: {\n            status: messages.TestStepResultStatus.PENDING,\n            duration: (0, messages_1.duration)(start, end)\n          },\n          timestamp: end\n        });\n        remainingSteps.shift();\n        for (const skippedStep of remainingSteps) {\n          const hookIdOrPickleStepId = (0, assertions_1.assertAndReturn)((_b2 = (_a3 = skippedStep.hook) === null || _a3 === void 0 ? void 0 : _a3.id) !== null && _b2 !== void 0 ? _b2 : (_c2 = skippedStep.pickleStep) === null || _c2 === void 0 ? void 0 : _c2.id, \"Expected a step to either be a hook or a pickleStep\");\n          const testStepId2 = getTestStepId({\n            context,\n            pickleId: pickle.id,\n            hookIdOrPickleStepId\n          });\n          taskTestStepStarted(context, {\n            testStepId: testStepId2,\n            testCaseStartedId,\n            timestamp: (0, messages_1.createTimestamp)()\n          });\n          taskTestStepFinished(context, {\n            testStepId: testStepId2,\n            testCaseStartedId,\n            testStepResult: {\n              status: messages.TestStepResultStatus.SKIPPED,\n              duration: {\n                seconds: 0,\n                nanos: 0\n              }\n            },\n            timestamp: (0, messages_1.createTimestamp)()\n          });\n        }\n        for (let i = 0, count = remainingSteps.length; i < count; i++) {\n          remainingSteps.pop();\n        }\n        cy.then(() => this.skip());\n      } else {\n        taskTestStepFinished(context, {\n          testStepId,\n          testCaseStartedId,\n          testStepResult: {\n            status: messages.TestStepResultStatus.PASSED,\n            duration: (0, messages_1.duration)(start, end)\n          },\n          timestamp: end\n        });\n        remainingSteps.shift();\n      }\n    });\n  }\n}",
              "err": {},
              "uuid": "674d8b4f-a3a2-4eba-a702-ada8b7596ac0",
              "parentUUID": "4ea2ca19-df7d-4b3c-8f8f-0a39eb58c188",
              "isHook": false,
              "skipped": false
            },
            {
              "title": "Pathway between lesson nodes",
              "fullTitle": "Display lessons pathway Pathway between lesson nodes",
              "timedOut": null,
              "duration": 211,
              "state": "passed",
              "speed": "fast",
              "pass": true,
              "fail": false,
              "pending": false,
              "context": null,
              "code": "var _a2, _b, _c, _d, _e;\nconst { remainingSteps, testCaseStartedId } = retrieveInternalSpecProperties();\ntaskTestCaseStarted(context, {\n  id: testCaseStartedId,\n  testCaseId,\n  attempt: attempt++,\n  timestamp: (0, messages_1.createTimestamp)()\n});\nwindow.testState = {\n  gherkinDocument,\n  pickles,\n  pickle\n};\nfor (const step of steps) {\n  if (step.hook) {\n    const hook = step.hook;\n    const testStepId = getTestStepId({\n      context,\n      pickleId: pickle.id,\n      hookIdOrPickleStepId: hook.id\n    });\n    cy.then(() => {\n      delete window.testState.pickleStep;\n      const start = (0, messages_1.createTimestamp)();\n      internalProperties.currentStepStartedAt = start;\n      taskTestStepStarted(context, {\n        testStepId,\n        testCaseStartedId,\n        timestamp: start\n      });\n      return cy.wrap(start, { log: false });\n    }).then((start) => {\n      (0, cypress_1.runStepWithLogGroup)({\n        fn: () => registry2.runHook(this, hook),\n        keyword: hook.keyword,\n        text: hook.tags\n      });\n      return cy.wrap(start, { log: false });\n    }).then((start) => {\n      const end = (0, messages_1.createTimestamp)();\n      taskTestStepFinished(context, {\n        testStepId,\n        testCaseStartedId,\n        testStepResult: {\n          status: messages.TestStepResultStatus.PASSED,\n          duration: (0, messages_1.duration)(start, end)\n        },\n        timestamp: end\n      });\n      remainingSteps.shift();\n    });\n  } else if (step.pickleStep) {\n    const pickleStep = step.pickleStep;\n    const testStepId = getTestStepId({\n      context,\n      pickleId: pickle.id,\n      hookIdOrPickleStepId: pickleStep.id\n    });\n    const text = (0, assertions_1.assertAndReturn)(pickleStep.text, \"Expected pickle step to have a text\");\n    const scenarioStep = (0, assertions_1.assertAndReturn)(context.astIdsMap.get((0, assertions_1.assertAndReturn)((_a2 = pickleStep.astNodeIds) === null || _a2 === void 0 ? void 0 : _a2[0], \"Expected to find at least one astNodeId\")), `Expected to find scenario step associated with id = ${(_b = pickleStep.astNodeIds) === null || _b === void 0 ? void 0 : _b[0]}`);\n    const argument = ((_c = pickleStep.argument) === null || _c === void 0 ? void 0 : _c.dataTable) ? new data_table_1.default(pickleStep.argument.dataTable) : ((_e = (_d = pickleStep.argument) === null || _d === void 0 ? void 0 : _d.docString) === null || _e === void 0 ? void 0 : _e.content) ? pickleStep.argument.docString.content : void 0;\n    cy.then(() => {\n      window.testState.pickleStep = step.pickleStep;\n      const start = (0, messages_1.createTimestamp)();\n      internalProperties.currentStep = { pickleStep };\n      internalProperties.currentStepStartedAt = start;\n      taskTestStepStarted(context, {\n        testStepId,\n        testCaseStartedId,\n        timestamp: start\n      });\n      return cy.wrap(start, { log: false });\n    }).then((start) => {\n      const beforeStepHooks = registry2.resolveBeforeStepHooks(tags);\n      const afterStepHooks = registry2.resolveAfterStepHooks(tags);\n      const options = {\n        pickle,\n        pickleStep,\n        gherkinDocument,\n        testCaseStartedId,\n        testStepId\n      };\n      const beforeHooksChain = beforeStepHooks.reduce((chain, beforeStepHook) => {\n        return chain.then(() => (0, cypress_1.runStepWithLogGroup)({\n          keyword: \"BeforeStep\",\n          text: beforeStepHook.tags,\n          fn: () => registry2.runStepHook(this, beforeStepHook, options)\n        }));\n      }, cy.wrap({}, { log: false }));\n      return beforeHooksChain.then(() => {\n        try {\n          return (0, cypress_1.runStepWithLogGroup)({\n            keyword: (0, assertions_1.assertAndReturn)(\"keyword\" in scenarioStep && scenarioStep.keyword, \"Expected to find a keyword in the scenario step\"),\n            argument,\n            text,\n            fn: () => registry2.runStepDefininition(this, text, argument)\n          }).then((result) => {\n            return afterStepHooks.reverse().reduce((chain, afterStepHook) => {\n              return chain.then(() => (0, cypress_1.runStepWithLogGroup)({\n                keyword: \"AfterStep\",\n                text: afterStepHook.tags,\n                fn: () => registry2.runStepHook(this, afterStepHook, options)\n              }));\n            }, cy.wrap({}, { log: false })).then(() => {\n              return { start, result };\n            });\n          });\n        } catch (e) {\n          if (e instanceof registry_1.MissingDefinitionError) {\n            throw new Error(createMissingStepDefinitionMessage(context, pickleStep, context.registry.parameterTypeRegistry));\n          } else {\n            throw e;\n          }\n        }\n      });\n    }).then(({ start, result }) => {\n      var _a3, _b2, _c2;\n      const end = (0, messages_1.createTimestamp)();\n      if (result === \"pending\") {\n        taskTestStepFinished(context, {\n          testStepId,\n          testCaseStartedId,\n          testStepResult: {\n            status: messages.TestStepResultStatus.PENDING,\n            duration: (0, messages_1.duration)(start, end)\n          },\n          timestamp: end\n        });\n        remainingSteps.shift();\n        for (const skippedStep of remainingSteps) {\n          const hookIdOrPickleStepId = (0, assertions_1.assertAndReturn)((_b2 = (_a3 = skippedStep.hook) === null || _a3 === void 0 ? void 0 : _a3.id) !== null && _b2 !== void 0 ? _b2 : (_c2 = skippedStep.pickleStep) === null || _c2 === void 0 ? void 0 : _c2.id, \"Expected a step to either be a hook or a pickleStep\");\n          const testStepId2 = getTestStepId({\n            context,\n            pickleId: pickle.id,\n            hookIdOrPickleStepId\n          });\n          taskTestStepStarted(context, {\n            testStepId: testStepId2,\n            testCaseStartedId,\n            timestamp: (0, messages_1.createTimestamp)()\n          });\n          taskTestStepFinished(context, {\n            testStepId: testStepId2,\n            testCaseStartedId,\n            testStepResult: {\n              status: messages.TestStepResultStatus.SKIPPED,\n              duration: {\n                seconds: 0,\n                nanos: 0\n              }\n            },\n            timestamp: (0, messages_1.createTimestamp)()\n          });\n        }\n        for (let i = 0, count = remainingSteps.length; i < count; i++) {\n          remainingSteps.pop();\n        }\n        cy.then(() => this.skip());\n      } else {\n        taskTestStepFinished(context, {\n          testStepId,\n          testCaseStartedId,\n          testStepResult: {\n            status: messages.TestStepResultStatus.PASSED,\n            duration: (0, messages_1.duration)(start, end)\n          },\n          timestamp: end\n        });\n        remainingSteps.shift();\n      }\n    });\n  }\n}",
              "err": {},
              "uuid": "0aece23a-811d-4c78-a995-d8281d26e98c",
              "parentUUID": "4ea2ca19-df7d-4b3c-8f8f-0a39eb58c188",
              "isHook": false,
              "skipped": false
            },
            {
              "title": "Bring user back to lesson pathway upon access of invalid lesson URL",
              "fullTitle": "Display lessons pathway Bring user back to lesson pathway upon access of invalid lesson URL",
              "timedOut": null,
              "duration": 191,
              "state": "passed",
              "speed": "fast",
              "pass": true,
              "fail": false,
              "pending": false,
              "context": null,
              "code": "var _a2, _b, _c, _d, _e;\nconst { remainingSteps, testCaseStartedId } = retrieveInternalSpecProperties();\ntaskTestCaseStarted(context, {\n  id: testCaseStartedId,\n  testCaseId,\n  attempt: attempt++,\n  timestamp: (0, messages_1.createTimestamp)()\n});\nwindow.testState = {\n  gherkinDocument,\n  pickles,\n  pickle\n};\nfor (const step of steps) {\n  if (step.hook) {\n    const hook = step.hook;\n    const testStepId = getTestStepId({\n      context,\n      pickleId: pickle.id,\n      hookIdOrPickleStepId: hook.id\n    });\n    cy.then(() => {\n      delete window.testState.pickleStep;\n      const start = (0, messages_1.createTimestamp)();\n      internalProperties.currentStepStartedAt = start;\n      taskTestStepStarted(context, {\n        testStepId,\n        testCaseStartedId,\n        timestamp: start\n      });\n      return cy.wrap(start, { log: false });\n    }).then((start) => {\n      (0, cypress_1.runStepWithLogGroup)({\n        fn: () => registry2.runHook(this, hook),\n        keyword: hook.keyword,\n        text: hook.tags\n      });\n      return cy.wrap(start, { log: false });\n    }).then((start) => {\n      const end = (0, messages_1.createTimestamp)();\n      taskTestStepFinished(context, {\n        testStepId,\n        testCaseStartedId,\n        testStepResult: {\n          status: messages.TestStepResultStatus.PASSED,\n          duration: (0, messages_1.duration)(start, end)\n        },\n        timestamp: end\n      });\n      remainingSteps.shift();\n    });\n  } else if (step.pickleStep) {\n    const pickleStep = step.pickleStep;\n    const testStepId = getTestStepId({\n      context,\n      pickleId: pickle.id,\n      hookIdOrPickleStepId: pickleStep.id\n    });\n    const text = (0, assertions_1.assertAndReturn)(pickleStep.text, \"Expected pickle step to have a text\");\n    const scenarioStep = (0, assertions_1.assertAndReturn)(context.astIdsMap.get((0, assertions_1.assertAndReturn)((_a2 = pickleStep.astNodeIds) === null || _a2 === void 0 ? void 0 : _a2[0], \"Expected to find at least one astNodeId\")), `Expected to find scenario step associated with id = ${(_b = pickleStep.astNodeIds) === null || _b === void 0 ? void 0 : _b[0]}`);\n    const argument = ((_c = pickleStep.argument) === null || _c === void 0 ? void 0 : _c.dataTable) ? new data_table_1.default(pickleStep.argument.dataTable) : ((_e = (_d = pickleStep.argument) === null || _d === void 0 ? void 0 : _d.docString) === null || _e === void 0 ? void 0 : _e.content) ? pickleStep.argument.docString.content : void 0;\n    cy.then(() => {\n      window.testState.pickleStep = step.pickleStep;\n      const start = (0, messages_1.createTimestamp)();\n      internalProperties.currentStep = { pickleStep };\n      internalProperties.currentStepStartedAt = start;\n      taskTestStepStarted(context, {\n        testStepId,\n        testCaseStartedId,\n        timestamp: start\n      });\n      return cy.wrap(start, { log: false });\n    }).then((start) => {\n      const beforeStepHooks = registry2.resolveBeforeStepHooks(tags);\n      const afterStepHooks = registry2.resolveAfterStepHooks(tags);\n      const options = {\n        pickle,\n        pickleStep,\n        gherkinDocument,\n        testCaseStartedId,\n        testStepId\n      };\n      const beforeHooksChain = beforeStepHooks.reduce((chain, beforeStepHook) => {\n        return chain.then(() => (0, cypress_1.runStepWithLogGroup)({\n          keyword: \"BeforeStep\",\n          text: beforeStepHook.tags,\n          fn: () => registry2.runStepHook(this, beforeStepHook, options)\n        }));\n      }, cy.wrap({}, { log: false }));\n      return beforeHooksChain.then(() => {\n        try {\n          return (0, cypress_1.runStepWithLogGroup)({\n            keyword: (0, assertions_1.assertAndReturn)(\"keyword\" in scenarioStep && scenarioStep.keyword, \"Expected to find a keyword in the scenario step\"),\n            argument,\n            text,\n            fn: () => registry2.runStepDefininition(this, text, argument)\n          }).then((result) => {\n            return afterStepHooks.reverse().reduce((chain, afterStepHook) => {\n              return chain.then(() => (0, cypress_1.runStepWithLogGroup)({\n                keyword: \"AfterStep\",\n                text: afterStepHook.tags,\n                fn: () => registry2.runStepHook(this, afterStepHook, options)\n              }));\n            }, cy.wrap({}, { log: false })).then(() => {\n              return { start, result };\n            });\n          });\n        } catch (e) {\n          if (e instanceof registry_1.MissingDefinitionError) {\n            throw new Error(createMissingStepDefinitionMessage(context, pickleStep, context.registry.parameterTypeRegistry));\n          } else {\n            throw e;\n          }\n        }\n      });\n    }).then(({ start, result }) => {\n      var _a3, _b2, _c2;\n      const end = (0, messages_1.createTimestamp)();\n      if (result === \"pending\") {\n        taskTestStepFinished(context, {\n          testStepId,\n          testCaseStartedId,\n          testStepResult: {\n            status: messages.TestStepResultStatus.PENDING,\n            duration: (0, messages_1.duration)(start, end)\n          },\n          timestamp: end\n        });\n        remainingSteps.shift();\n        for (const skippedStep of remainingSteps) {\n          const hookIdOrPickleStepId = (0, assertions_1.assertAndReturn)((_b2 = (_a3 = skippedStep.hook) === null || _a3 === void 0 ? void 0 : _a3.id) !== null && _b2 !== void 0 ? _b2 : (_c2 = skippedStep.pickleStep) === null || _c2 === void 0 ? void 0 : _c2.id, \"Expected a step to either be a hook or a pickleStep\");\n          const testStepId2 = getTestStepId({\n            context,\n            pickleId: pickle.id,\n            hookIdOrPickleStepId\n          });\n          taskTestStepStarted(context, {\n            testStepId: testStepId2,\n            testCaseStartedId,\n            timestamp: (0, messages_1.createTimestamp)()\n          });\n          taskTestStepFinished(context, {\n            testStepId: testStepId2,\n            testCaseStartedId,\n            testStepResult: {\n              status: messages.TestStepResultStatus.SKIPPED,\n              duration: {\n                seconds: 0,\n                nanos: 0\n              }\n            },\n            timestamp: (0, messages_1.createTimestamp)()\n          });\n        }\n        for (let i = 0, count = remainingSteps.length; i < count; i++) {\n          remainingSteps.pop();\n        }\n        cy.then(() => this.skip());\n      } else {\n        taskTestStepFinished(context, {\n          testStepId,\n          testCaseStartedId,\n          testStepResult: {\n            status: messages.TestStepResultStatus.PASSED,\n            duration: (0, messages_1.duration)(start, end)\n          },\n          timestamp: end\n        });\n        remainingSteps.shift();\n      }\n    });\n  }\n}",
              "err": {},
              "uuid": "77dcabdb-ca6f-441e-97da-26f4b5e4c0f0",
              "parentUUID": "4ea2ca19-df7d-4b3c-8f8f-0a39eb58c188",
              "isHook": false,
              "skipped": false
            },
            {
              "title": "Show lesson in progress",
              "fullTitle": "Display lessons pathway Show lesson in progress",
              "timedOut": null,
              "duration": 756,
              "state": "passed",
              "speed": "fast",
              "pass": true,
              "fail": false,
              "pending": false,
              "context": null,
              "code": "var _a2, _b, _c, _d, _e;\nconst { remainingSteps, testCaseStartedId } = retrieveInternalSpecProperties();\ntaskTestCaseStarted(context, {\n  id: testCaseStartedId,\n  testCaseId,\n  attempt: attempt++,\n  timestamp: (0, messages_1.createTimestamp)()\n});\nwindow.testState = {\n  gherkinDocument,\n  pickles,\n  pickle\n};\nfor (const step of steps) {\n  if (step.hook) {\n    const hook = step.hook;\n    const testStepId = getTestStepId({\n      context,\n      pickleId: pickle.id,\n      hookIdOrPickleStepId: hook.id\n    });\n    cy.then(() => {\n      delete window.testState.pickleStep;\n      const start = (0, messages_1.createTimestamp)();\n      internalProperties.currentStepStartedAt = start;\n      taskTestStepStarted(context, {\n        testStepId,\n        testCaseStartedId,\n        timestamp: start\n      });\n      return cy.wrap(start, { log: false });\n    }).then((start) => {\n      (0, cypress_1.runStepWithLogGroup)({\n        fn: () => registry2.runHook(this, hook),\n        keyword: hook.keyword,\n        text: hook.tags\n      });\n      return cy.wrap(start, { log: false });\n    }).then((start) => {\n      const end = (0, messages_1.createTimestamp)();\n      taskTestStepFinished(context, {\n        testStepId,\n        testCaseStartedId,\n        testStepResult: {\n          status: messages.TestStepResultStatus.PASSED,\n          duration: (0, messages_1.duration)(start, end)\n        },\n        timestamp: end\n      });\n      remainingSteps.shift();\n    });\n  } else if (step.pickleStep) {\n    const pickleStep = step.pickleStep;\n    const testStepId = getTestStepId({\n      context,\n      pickleId: pickle.id,\n      hookIdOrPickleStepId: pickleStep.id\n    });\n    const text = (0, assertions_1.assertAndReturn)(pickleStep.text, \"Expected pickle step to have a text\");\n    const scenarioStep = (0, assertions_1.assertAndReturn)(context.astIdsMap.get((0, assertions_1.assertAndReturn)((_a2 = pickleStep.astNodeIds) === null || _a2 === void 0 ? void 0 : _a2[0], \"Expected to find at least one astNodeId\")), `Expected to find scenario step associated with id = ${(_b = pickleStep.astNodeIds) === null || _b === void 0 ? void 0 : _b[0]}`);\n    const argument = ((_c = pickleStep.argument) === null || _c === void 0 ? void 0 : _c.dataTable) ? new data_table_1.default(pickleStep.argument.dataTable) : ((_e = (_d = pickleStep.argument) === null || _d === void 0 ? void 0 : _d.docString) === null || _e === void 0 ? void 0 : _e.content) ? pickleStep.argument.docString.content : void 0;\n    cy.then(() => {\n      window.testState.pickleStep = step.pickleStep;\n      const start = (0, messages_1.createTimestamp)();\n      internalProperties.currentStep = { pickleStep };\n      internalProperties.currentStepStartedAt = start;\n      taskTestStepStarted(context, {\n        testStepId,\n        testCaseStartedId,\n        timestamp: start\n      });\n      return cy.wrap(start, { log: false });\n    }).then((start) => {\n      const beforeStepHooks = registry2.resolveBeforeStepHooks(tags);\n      const afterStepHooks = registry2.resolveAfterStepHooks(tags);\n      const options = {\n        pickle,\n        pickleStep,\n        gherkinDocument,\n        testCaseStartedId,\n        testStepId\n      };\n      const beforeHooksChain = beforeStepHooks.reduce((chain, beforeStepHook) => {\n        return chain.then(() => (0, cypress_1.runStepWithLogGroup)({\n          keyword: \"BeforeStep\",\n          text: beforeStepHook.tags,\n          fn: () => registry2.runStepHook(this, beforeStepHook, options)\n        }));\n      }, cy.wrap({}, { log: false }));\n      return beforeHooksChain.then(() => {\n        try {\n          return (0, cypress_1.runStepWithLogGroup)({\n            keyword: (0, assertions_1.assertAndReturn)(\"keyword\" in scenarioStep && scenarioStep.keyword, \"Expected to find a keyword in the scenario step\"),\n            argument,\n            text,\n            fn: () => registry2.runStepDefininition(this, text, argument)\n          }).then((result) => {\n            return afterStepHooks.reverse().reduce((chain, afterStepHook) => {\n              return chain.then(() => (0, cypress_1.runStepWithLogGroup)({\n                keyword: \"AfterStep\",\n                text: afterStepHook.tags,\n                fn: () => registry2.runStepHook(this, afterStepHook, options)\n              }));\n            }, cy.wrap({}, { log: false })).then(() => {\n              return { start, result };\n            });\n          });\n        } catch (e) {\n          if (e instanceof registry_1.MissingDefinitionError) {\n            throw new Error(createMissingStepDefinitionMessage(context, pickleStep, context.registry.parameterTypeRegistry));\n          } else {\n            throw e;\n          }\n        }\n      });\n    }).then(({ start, result }) => {\n      var _a3, _b2, _c2;\n      const end = (0, messages_1.createTimestamp)();\n      if (result === \"pending\") {\n        taskTestStepFinished(context, {\n          testStepId,\n          testCaseStartedId,\n          testStepResult: {\n            status: messages.TestStepResultStatus.PENDING,\n            duration: (0, messages_1.duration)(start, end)\n          },\n          timestamp: end\n        });\n        remainingSteps.shift();\n        for (const skippedStep of remainingSteps) {\n          const hookIdOrPickleStepId = (0, assertions_1.assertAndReturn)((_b2 = (_a3 = skippedStep.hook) === null || _a3 === void 0 ? void 0 : _a3.id) !== null && _b2 !== void 0 ? _b2 : (_c2 = skippedStep.pickleStep) === null || _c2 === void 0 ? void 0 : _c2.id, \"Expected a step to either be a hook or a pickleStep\");\n          const testStepId2 = getTestStepId({\n            context,\n            pickleId: pickle.id,\n            hookIdOrPickleStepId\n          });\n          taskTestStepStarted(context, {\n            testStepId: testStepId2,\n            testCaseStartedId,\n            timestamp: (0, messages_1.createTimestamp)()\n          });\n          taskTestStepFinished(context, {\n            testStepId: testStepId2,\n            testCaseStartedId,\n            testStepResult: {\n              status: messages.TestStepResultStatus.SKIPPED,\n              duration: {\n                seconds: 0,\n                nanos: 0\n              }\n            },\n            timestamp: (0, messages_1.createTimestamp)()\n          });\n        }\n        for (let i = 0, count = remainingSteps.length; i < count; i++) {\n          remainingSteps.pop();\n        }\n        cy.then(() => this.skip());\n      } else {\n        taskTestStepFinished(context, {\n          testStepId,\n          testCaseStartedId,\n          testStepResult: {\n            status: messages.TestStepResultStatus.PASSED,\n            duration: (0, messages_1.duration)(start, end)\n          },\n          timestamp: end\n        });\n        remainingSteps.shift();\n      }\n    });\n  }\n}",
              "err": {},
              "uuid": "04cbe5e3-b0ea-4573-9caa-3a870f66beeb",
              "parentUUID": "4ea2ca19-df7d-4b3c-8f8f-0a39eb58c188",
              "isHook": false,
              "skipped": false
            },
            {
              "title": "Show lesson is completed",
              "fullTitle": "Display lessons pathway Show lesson is completed",
              "timedOut": null,
              "duration": 803,
              "state": "passed",
              "speed": "fast",
              "pass": true,
              "fail": false,
              "pending": false,
              "context": null,
              "code": "var _a2, _b, _c, _d, _e;\nconst { remainingSteps, testCaseStartedId } = retrieveInternalSpecProperties();\ntaskTestCaseStarted(context, {\n  id: testCaseStartedId,\n  testCaseId,\n  attempt: attempt++,\n  timestamp: (0, messages_1.createTimestamp)()\n});\nwindow.testState = {\n  gherkinDocument,\n  pickles,\n  pickle\n};\nfor (const step of steps) {\n  if (step.hook) {\n    const hook = step.hook;\n    const testStepId = getTestStepId({\n      context,\n      pickleId: pickle.id,\n      hookIdOrPickleStepId: hook.id\n    });\n    cy.then(() => {\n      delete window.testState.pickleStep;\n      const start = (0, messages_1.createTimestamp)();\n      internalProperties.currentStepStartedAt = start;\n      taskTestStepStarted(context, {\n        testStepId,\n        testCaseStartedId,\n        timestamp: start\n      });\n      return cy.wrap(start, { log: false });\n    }).then((start) => {\n      (0, cypress_1.runStepWithLogGroup)({\n        fn: () => registry2.runHook(this, hook),\n        keyword: hook.keyword,\n        text: hook.tags\n      });\n      return cy.wrap(start, { log: false });\n    }).then((start) => {\n      const end = (0, messages_1.createTimestamp)();\n      taskTestStepFinished(context, {\n        testStepId,\n        testCaseStartedId,\n        testStepResult: {\n          status: messages.TestStepResultStatus.PASSED,\n          duration: (0, messages_1.duration)(start, end)\n        },\n        timestamp: end\n      });\n      remainingSteps.shift();\n    });\n  } else if (step.pickleStep) {\n    const pickleStep = step.pickleStep;\n    const testStepId = getTestStepId({\n      context,\n      pickleId: pickle.id,\n      hookIdOrPickleStepId: pickleStep.id\n    });\n    const text = (0, assertions_1.assertAndReturn)(pickleStep.text, \"Expected pickle step to have a text\");\n    const scenarioStep = (0, assertions_1.assertAndReturn)(context.astIdsMap.get((0, assertions_1.assertAndReturn)((_a2 = pickleStep.astNodeIds) === null || _a2 === void 0 ? void 0 : _a2[0], \"Expected to find at least one astNodeId\")), `Expected to find scenario step associated with id = ${(_b = pickleStep.astNodeIds) === null || _b === void 0 ? void 0 : _b[0]}`);\n    const argument = ((_c = pickleStep.argument) === null || _c === void 0 ? void 0 : _c.dataTable) ? new data_table_1.default(pickleStep.argument.dataTable) : ((_e = (_d = pickleStep.argument) === null || _d === void 0 ? void 0 : _d.docString) === null || _e === void 0 ? void 0 : _e.content) ? pickleStep.argument.docString.content : void 0;\n    cy.then(() => {\n      window.testState.pickleStep = step.pickleStep;\n      const start = (0, messages_1.createTimestamp)();\n      internalProperties.currentStep = { pickleStep };\n      internalProperties.currentStepStartedAt = start;\n      taskTestStepStarted(context, {\n        testStepId,\n        testCaseStartedId,\n        timestamp: start\n      });\n      return cy.wrap(start, { log: false });\n    }).then((start) => {\n      const beforeStepHooks = registry2.resolveBeforeStepHooks(tags);\n      const afterStepHooks = registry2.resolveAfterStepHooks(tags);\n      const options = {\n        pickle,\n        pickleStep,\n        gherkinDocument,\n        testCaseStartedId,\n        testStepId\n      };\n      const beforeHooksChain = beforeStepHooks.reduce((chain, beforeStepHook) => {\n        return chain.then(() => (0, cypress_1.runStepWithLogGroup)({\n          keyword: \"BeforeStep\",\n          text: beforeStepHook.tags,\n          fn: () => registry2.runStepHook(this, beforeStepHook, options)\n        }));\n      }, cy.wrap({}, { log: false }));\n      return beforeHooksChain.then(() => {\n        try {\n          return (0, cypress_1.runStepWithLogGroup)({\n            keyword: (0, assertions_1.assertAndReturn)(\"keyword\" in scenarioStep && scenarioStep.keyword, \"Expected to find a keyword in the scenario step\"),\n            argument,\n            text,\n            fn: () => registry2.runStepDefininition(this, text, argument)\n          }).then((result) => {\n            return afterStepHooks.reverse().reduce((chain, afterStepHook) => {\n              return chain.then(() => (0, cypress_1.runStepWithLogGroup)({\n                keyword: \"AfterStep\",\n                text: afterStepHook.tags,\n                fn: () => registry2.runStepHook(this, afterStepHook, options)\n              }));\n            }, cy.wrap({}, { log: false })).then(() => {\n              return { start, result };\n            });\n          });\n        } catch (e) {\n          if (e instanceof registry_1.MissingDefinitionError) {\n            throw new Error(createMissingStepDefinitionMessage(context, pickleStep, context.registry.parameterTypeRegistry));\n          } else {\n            throw e;\n          }\n        }\n      });\n    }).then(({ start, result }) => {\n      var _a3, _b2, _c2;\n      const end = (0, messages_1.createTimestamp)();\n      if (result === \"pending\") {\n        taskTestStepFinished(context, {\n          testStepId,\n          testCaseStartedId,\n          testStepResult: {\n            status: messages.TestStepResultStatus.PENDING,\n            duration: (0, messages_1.duration)(start, end)\n          },\n          timestamp: end\n        });\n        remainingSteps.shift();\n        for (const skippedStep of remainingSteps) {\n          const hookIdOrPickleStepId = (0, assertions_1.assertAndReturn)((_b2 = (_a3 = skippedStep.hook) === null || _a3 === void 0 ? void 0 : _a3.id) !== null && _b2 !== void 0 ? _b2 : (_c2 = skippedStep.pickleStep) === null || _c2 === void 0 ? void 0 : _c2.id, \"Expected a step to either be a hook or a pickleStep\");\n          const testStepId2 = getTestStepId({\n            context,\n            pickleId: pickle.id,\n            hookIdOrPickleStepId\n          });\n          taskTestStepStarted(context, {\n            testStepId: testStepId2,\n            testCaseStartedId,\n            timestamp: (0, messages_1.createTimestamp)()\n          });\n          taskTestStepFinished(context, {\n            testStepId: testStepId2,\n            testCaseStartedId,\n            testStepResult: {\n              status: messages.TestStepResultStatus.SKIPPED,\n              duration: {\n                seconds: 0,\n                nanos: 0\n              }\n            },\n            timestamp: (0, messages_1.createTimestamp)()\n          });\n        }\n        for (let i = 0, count = remainingSteps.length; i < count; i++) {\n          remainingSteps.pop();\n        }\n        cy.then(() => this.skip());\n      } else {\n        taskTestStepFinished(context, {\n          testStepId,\n          testCaseStartedId,\n          testStepResult: {\n            status: messages.TestStepResultStatus.PASSED,\n            duration: (0, messages_1.duration)(start, end)\n          },\n          timestamp: end\n        });\n        remainingSteps.shift();\n      }\n    });\n  }\n}",
              "err": {},
              "uuid": "be7282fe-3646-4d8a-a62f-acaeba8bc6c3",
              "parentUUID": "4ea2ca19-df7d-4b3c-8f8f-0a39eb58c188",
              "isHook": false,
              "skipped": false
            },
            {
              "title": "Show lesson is locked",
              "fullTitle": "Display lessons pathway Show lesson is locked",
              "timedOut": null,
              "duration": 746,
              "state": "passed",
              "speed": "fast",
              "pass": true,
              "fail": false,
              "pending": false,
              "context": null,
              "code": "var _a2, _b, _c, _d, _e;\nconst { remainingSteps, testCaseStartedId } = retrieveInternalSpecProperties();\ntaskTestCaseStarted(context, {\n  id: testCaseStartedId,\n  testCaseId,\n  attempt: attempt++,\n  timestamp: (0, messages_1.createTimestamp)()\n});\nwindow.testState = {\n  gherkinDocument,\n  pickles,\n  pickle\n};\nfor (const step of steps) {\n  if (step.hook) {\n    const hook = step.hook;\n    const testStepId = getTestStepId({\n      context,\n      pickleId: pickle.id,\n      hookIdOrPickleStepId: hook.id\n    });\n    cy.then(() => {\n      delete window.testState.pickleStep;\n      const start = (0, messages_1.createTimestamp)();\n      internalProperties.currentStepStartedAt = start;\n      taskTestStepStarted(context, {\n        testStepId,\n        testCaseStartedId,\n        timestamp: start\n      });\n      return cy.wrap(start, { log: false });\n    }).then((start) => {\n      (0, cypress_1.runStepWithLogGroup)({\n        fn: () => registry2.runHook(this, hook),\n        keyword: hook.keyword,\n        text: hook.tags\n      });\n      return cy.wrap(start, { log: false });\n    }).then((start) => {\n      const end = (0, messages_1.createTimestamp)();\n      taskTestStepFinished(context, {\n        testStepId,\n        testCaseStartedId,\n        testStepResult: {\n          status: messages.TestStepResultStatus.PASSED,\n          duration: (0, messages_1.duration)(start, end)\n        },\n        timestamp: end\n      });\n      remainingSteps.shift();\n    });\n  } else if (step.pickleStep) {\n    const pickleStep = step.pickleStep;\n    const testStepId = getTestStepId({\n      context,\n      pickleId: pickle.id,\n      hookIdOrPickleStepId: pickleStep.id\n    });\n    const text = (0, assertions_1.assertAndReturn)(pickleStep.text, \"Expected pickle step to have a text\");\n    const scenarioStep = (0, assertions_1.assertAndReturn)(context.astIdsMap.get((0, assertions_1.assertAndReturn)((_a2 = pickleStep.astNodeIds) === null || _a2 === void 0 ? void 0 : _a2[0], \"Expected to find at least one astNodeId\")), `Expected to find scenario step associated with id = ${(_b = pickleStep.astNodeIds) === null || _b === void 0 ? void 0 : _b[0]}`);\n    const argument = ((_c = pickleStep.argument) === null || _c === void 0 ? void 0 : _c.dataTable) ? new data_table_1.default(pickleStep.argument.dataTable) : ((_e = (_d = pickleStep.argument) === null || _d === void 0 ? void 0 : _d.docString) === null || _e === void 0 ? void 0 : _e.content) ? pickleStep.argument.docString.content : void 0;\n    cy.then(() => {\n      window.testState.pickleStep = step.pickleStep;\n      const start = (0, messages_1.createTimestamp)();\n      internalProperties.currentStep = { pickleStep };\n      internalProperties.currentStepStartedAt = start;\n      taskTestStepStarted(context, {\n        testStepId,\n        testCaseStartedId,\n        timestamp: start\n      });\n      return cy.wrap(start, { log: false });\n    }).then((start) => {\n      const beforeStepHooks = registry2.resolveBeforeStepHooks(tags);\n      const afterStepHooks = registry2.resolveAfterStepHooks(tags);\n      const options = {\n        pickle,\n        pickleStep,\n        gherkinDocument,\n        testCaseStartedId,\n        testStepId\n      };\n      const beforeHooksChain = beforeStepHooks.reduce((chain, beforeStepHook) => {\n        return chain.then(() => (0, cypress_1.runStepWithLogGroup)({\n          keyword: \"BeforeStep\",\n          text: beforeStepHook.tags,\n          fn: () => registry2.runStepHook(this, beforeStepHook, options)\n        }));\n      }, cy.wrap({}, { log: false }));\n      return beforeHooksChain.then(() => {\n        try {\n          return (0, cypress_1.runStepWithLogGroup)({\n            keyword: (0, assertions_1.assertAndReturn)(\"keyword\" in scenarioStep && scenarioStep.keyword, \"Expected to find a keyword in the scenario step\"),\n            argument,\n            text,\n            fn: () => registry2.runStepDefininition(this, text, argument)\n          }).then((result) => {\n            return afterStepHooks.reverse().reduce((chain, afterStepHook) => {\n              return chain.then(() => (0, cypress_1.runStepWithLogGroup)({\n                keyword: \"AfterStep\",\n                text: afterStepHook.tags,\n                fn: () => registry2.runStepHook(this, afterStepHook, options)\n              }));\n            }, cy.wrap({}, { log: false })).then(() => {\n              return { start, result };\n            });\n          });\n        } catch (e) {\n          if (e instanceof registry_1.MissingDefinitionError) {\n            throw new Error(createMissingStepDefinitionMessage(context, pickleStep, context.registry.parameterTypeRegistry));\n          } else {\n            throw e;\n          }\n        }\n      });\n    }).then(({ start, result }) => {\n      var _a3, _b2, _c2;\n      const end = (0, messages_1.createTimestamp)();\n      if (result === \"pending\") {\n        taskTestStepFinished(context, {\n          testStepId,\n          testCaseStartedId,\n          testStepResult: {\n            status: messages.TestStepResultStatus.PENDING,\n            duration: (0, messages_1.duration)(start, end)\n          },\n          timestamp: end\n        });\n        remainingSteps.shift();\n        for (const skippedStep of remainingSteps) {\n          const hookIdOrPickleStepId = (0, assertions_1.assertAndReturn)((_b2 = (_a3 = skippedStep.hook) === null || _a3 === void 0 ? void 0 : _a3.id) !== null && _b2 !== void 0 ? _b2 : (_c2 = skippedStep.pickleStep) === null || _c2 === void 0 ? void 0 : _c2.id, \"Expected a step to either be a hook or a pickleStep\");\n          const testStepId2 = getTestStepId({\n            context,\n            pickleId: pickle.id,\n            hookIdOrPickleStepId\n          });\n          taskTestStepStarted(context, {\n            testStepId: testStepId2,\n            testCaseStartedId,\n            timestamp: (0, messages_1.createTimestamp)()\n          });\n          taskTestStepFinished(context, {\n            testStepId: testStepId2,\n            testCaseStartedId,\n            testStepResult: {\n              status: messages.TestStepResultStatus.SKIPPED,\n              duration: {\n                seconds: 0,\n                nanos: 0\n              }\n            },\n            timestamp: (0, messages_1.createTimestamp)()\n          });\n        }\n        for (let i = 0, count = remainingSteps.length; i < count; i++) {\n          remainingSteps.pop();\n        }\n        cy.then(() => this.skip());\n      } else {\n        taskTestStepFinished(context, {\n          testStepId,\n          testCaseStartedId,\n          testStepResult: {\n            status: messages.TestStepResultStatus.PASSED,\n            duration: (0, messages_1.duration)(start, end)\n          },\n          timestamp: end\n        });\n        remainingSteps.shift();\n      }\n    });\n  }\n}",
              "err": {},
              "uuid": "3a95f3eb-8b0d-4c82-a96a-d1a0543ada0e",
              "parentUUID": "4ea2ca19-df7d-4b3c-8f8f-0a39eb58c188",
              "isHook": false,
              "skipped": false
            }
          ],
          "suites": [],
          "passes": [
            "163f70d0-bb9b-4490-ac96-730efccf0689",
            "a73ca737-62e0-4be1-80fd-92c9fe4dc456",
            "674d8b4f-a3a2-4eba-a702-ada8b7596ac0",
            "0aece23a-811d-4c78-a995-d8281d26e98c",
            "77dcabdb-ca6f-441e-97da-26f4b5e4c0f0",
            "04cbe5e3-b0ea-4573-9caa-3a870f66beeb",
            "be7282fe-3646-4d8a-a62f-acaeba8bc6c3",
            "3a95f3eb-8b0d-4c82-a96a-d1a0543ada0e"
          ],
          "failures": [],
          "pending": [],
          "skipped": [],
          "duration": 5333,
          "root": false,
          "rootEmpty": false,
          "_timeout": 2000
        }
      ],
      "passes": [],
      "failures": [],
      "pending": [],
      "skipped": [],
      "duration": 0,
      "root": true,
      "rootEmpty": true,
      "_timeout": 2000
    }
  ],
  "meta": {
    "mocha": {
      "version": "7.0.1"
    },
    "mochawesome": {
      "options": {
        "quiet": false,
        "reportFilename": "mochawesome",
        "saveHtml": false,
        "saveJson": true,
        "consoleReporter": "spec",
        "useInlineDiffs": false,
        "code": true
      },
      "version": "7.1.3"
    },
    "marge": {
      "options": {
        "mochaFile": "cypress/results",
        "overwrite": false,
        "html": false,
        "json": true
      },
      "version": "6.2.0"
    }
  }
}